2019-08-16 23:00:44 DEBUG PSA_ProjectApp:110 - Thread join complete after execution of pBest
2019-08-16 23:00:44 DEBUG PSA_ProjectApp:114 - Global best process complete
2019-08-16 23:00:44 DEBUG PSA_ProjectApp:147 - Iterations complete
2019-08-16 23:00:44 DEBUG PSA_ProjectApp:153 - Graph display process complete
2019-08-16 23:00:44 DEBUG PSA_ProjectApp:182 - Unreal battlefield animation start
2019-08-16 23:00:44 DEBUG PSA_ProjectApp:193 - Unreal battlefield animation end
2019-08-17 15:42:25 DEBUG PSA_ProjectApp:110 - Thread join complete after execution of pBest
2019-08-17 15:42:25 DEBUG PSA_ProjectApp:114 - Global best process complete
2019-08-17 15:42:25 DEBUG PSA_ProjectApp:147 - Iterations complete
2019-08-17 15:42:25 DEBUG PSA_ProjectApp:153 - Graph display process complete
2019-08-17 15:42:25 DEBUG PSA_ProjectApp:182 - Unreal battlefield animation start
2019-08-17 15:42:25 DEBUG PSA_ProjectApp:193 - Unreal battlefield animation end
2019-08-17 15:43:05 DEBUG PSA_ProjectApp:110 - Thread join complete after execution of pBest
2019-08-17 15:43:05 DEBUG PSA_ProjectApp:114 - Global best process complete
2019-08-17 15:43:05 DEBUG PSA_ProjectApp:147 - Iterations complete
2019-08-17 15:43:05 DEBUG PSA_ProjectApp:153 - Graph display process complete
2019-08-17 15:43:05 DEBUG PSA_ProjectApp:182 - Unreal battlefield animation start
2019-08-17 15:43:05 DEBUG PSA_ProjectApp:193 - Unreal battlefield animation end
2019-08-17 15:44:40 DEBUG PSA_ProjectApp:110 - Thread join complete after execution of pBest
2019-08-17 15:44:40 DEBUG PSA_ProjectApp:114 - Global best process complete
2019-08-17 15:44:40 DEBUG PSA_ProjectApp:147 - Iterations complete
2019-08-17 15:44:41 DEBUG PSA_ProjectApp:153 - Graph display process complete
2019-08-17 15:44:41 DEBUG PSA_ProjectApp:182 - Unreal battlefield animation start
2019-08-17 15:44:41 DEBUG PSA_ProjectApp:193 - Unreal battlefield animation end
2019-08-17 15:45:54 DEBUG PSA_ProjectApp:110 - Thread join complete after execution of pBest
2019-08-17 15:45:54 DEBUG PSA_ProjectApp:114 - Global best process complete
2019-08-17 15:45:54 DEBUG PSA_ProjectApp:147 - Iterations complete
2019-08-17 15:45:54 DEBUG PSA_ProjectApp:153 - Graph display process complete
2019-08-17 15:45:54 DEBUG PSA_ProjectApp:182 - Unreal battlefield animation start
2019-08-17 15:45:54 DEBUG PSA_ProjectApp:193 - Unreal battlefield animation end
2019-08-17 15:50:06 DEBUG PSA_ProjectApp:110 - Thread join complete after execution of pBest
2019-08-17 15:50:06 DEBUG PSA_ProjectApp:114 - Global best process complete
2019-08-17 15:50:06 DEBUG PSA_ProjectApp:147 - Iterations complete
2019-08-17 15:50:06 DEBUG PSA_ProjectApp:153 - Graph display process complete
2019-08-17 15:50:06 DEBUG PSA_ProjectApp:182 - Unreal battlefield animation start
2019-08-17 15:50:06 DEBUG PSA_ProjectApp:193 - Unreal battlefield animation end
2019-08-17 15:50:36 DEBUG PSA_ProjectApp:110 - Thread join complete after execution of pBest
2019-08-17 15:50:36 DEBUG PSA_ProjectApp:114 - Global best process complete
2019-08-17 15:50:36 DEBUG PSA_ProjectApp:147 - Iterations complete
2019-08-17 15:50:36 DEBUG PSA_ProjectApp:153 - Graph display process complete
2019-08-17 15:50:36 DEBUG PSA_ProjectApp:182 - Unreal battlefield animation start
2019-08-17 15:50:36 DEBUG PSA_ProjectApp:193 - Unreal battlefield animation end
2019-08-17 15:51:10 DEBUG PSA_ProjectApp:110 - Thread join complete after execution of pBest
2019-08-17 15:51:10 DEBUG PSA_ProjectApp:114 - Global best process complete
2019-08-17 15:51:10 DEBUG PSA_ProjectApp:147 - Iterations complete
2019-08-17 15:51:10 DEBUG PSA_ProjectApp:153 - Graph display process complete
2019-08-17 15:51:10 DEBUG PSA_ProjectApp:182 - Unreal battlefield animation start
2019-08-17 15:51:10 DEBUG PSA_ProjectApp:193 - Unreal battlefield animation end
2019-08-17 15:54:28 DEBUG PSA_ProjectApp:110 - Thread join complete after execution of pBest
2019-08-17 15:54:28 DEBUG PSA_ProjectApp:114 - Global best process complete
2019-08-17 15:54:28 DEBUG PSA_ProjectApp:147 - Iterations complete
2019-08-17 15:54:28 DEBUG PSA_ProjectApp:153 - Graph display process complete
2019-08-17 15:54:28 DEBUG PSA_ProjectApp:182 - Unreal battlefield animation start
2019-08-17 15:54:28 DEBUG PSA_ProjectApp:193 - Unreal battlefield animation end
2019-08-17 15:55:05 DEBUG PSA_ProjectApp:110 - Thread join complete after execution of pBest
2019-08-17 15:55:05 DEBUG PSA_ProjectApp:114 - Global best process complete
2019-08-17 15:55:05 DEBUG PSA_ProjectApp:147 - Iterations complete
2019-08-17 15:55:05 DEBUG PSA_ProjectApp:153 - Graph display process complete
2019-08-17 15:55:05 DEBUG PSA_ProjectApp:182 - Unreal battlefield animation start
2019-08-17 15:55:05 DEBUG PSA_ProjectApp:193 - Unreal battlefield animation end
2019-08-17 15:55:44 DEBUG PSA_ProjectApp:110 - Thread join complete after execution of pBest
2019-08-17 15:55:44 DEBUG PSA_ProjectApp:114 - Global best process complete
2019-08-17 15:55:44 DEBUG PSA_ProjectApp:147 - Iterations complete
2019-08-17 15:55:44 DEBUG PSA_ProjectApp:153 - Graph display process complete
2019-08-17 15:55:44 DEBUG PSA_ProjectApp:182 - Unreal battlefield animation start
2019-08-17 15:55:44 DEBUG PSA_ProjectApp:193 - Unreal battlefield animation end
2019-08-17 15:56:33 DEBUG PSA_ProjectApp:110 - Thread join complete after execution of pBest
2019-08-17 15:56:33 DEBUG PSA_ProjectApp:114 - Global best process complete
2019-08-17 15:56:33 DEBUG PSA_ProjectApp:147 - Iterations complete
2019-08-17 15:56:34 DEBUG PSA_ProjectApp:153 - Graph display process complete
2019-08-17 15:56:34 DEBUG PSA_ProjectApp:182 - Unreal battlefield animation start
2019-08-17 15:56:34 DEBUG PSA_ProjectApp:193 - Unreal battlefield animation end
